<?xml version="1.0" encoding="UTF-8"?>
<!-- Generated by org.testng.reporters.JUnitReportReporter -->
<testsuite hostname="DESKTOP-LRCM8AR" failures="0" tests="1" name="Test_Scenerio.Test_Scenerio002_SearchFun" time="92.472" errors="0" timestamp="2025-10-02T02:19:06 IST" skipped="0">
  <testcase classname="Test_Scenerio.Test_Scenerio002_SearchFun" name="testSearchInputVisibility" time="92.472"/>
</testsuite> <!-- Test_Scenerio.Test_Scenerio002_SearchFun -->
