<?xml version="1.0" encoding="UTF-8"?>
<!-- Generated by org.testng.reporters.JUnitReportReporter -->
<testsuite hostname="DESKTOP-LRCM8AR" failures="0" tests="1" name="Test_Scenerio.Test_Scenerio002_TestCase" time="56.402" errors="0" timestamp="2025-10-02T00:43:05 IST" skipped="0">
  <testcase classname="Test_Scenerio.Test_Scenerio002_TestCase" name="testSearchInputVisibility" time="56.402"/>
</testsuite> <!-- Test_Scenerio.Test_Scenerio002_TestCase -->
